<?xml version="1.0" encoding="UTF-8"?>
<!-- Generated by org.testng.reporters.JUnitReportReporter -->
<testsuite hostname="DESKTOP-S1LBLSJ" failures="0" tests="1" name="TestScripts.Test1" time="7.980" errors="0" timestamp="2022-08-12T14:14:25 IST" skipped="0">
  <testcase classname="TestScripts.Test1" name="correctTitle" time="7.980"/>
  <system-out/>
</testsuite> <!-- TestScripts.Test1 -->
