<?xml version="1.0" encoding="UTF-8"?>
<!-- Generated by org.testng.reporters.JUnitReportReporter -->
<testsuite hostname="DESKTOP-S1LBLSJ" failures="0" tests="1" name="TestScripts.Hrm1" time="27.899" errors="0" timestamp="2022-08-14T12:47:31 IST" skipped="0">
  <testcase classname="TestScripts.Hrm1" name="testHrm1" time="27.899"/>
  <system-out/>
</testsuite> <!-- TestScripts.Hrm1 -->
